# START ERRORS LOG
[05-Dec-2018 17:16:48 Europe/Belgrade] PHP Fatal error:  Multiple access type modifiers are not allowed in D:\xampp\htdocs\chasha\app\classes\QueryBuilder.php on line 207
[05-Dec-2018 17:17:02 Europe/Belgrade] PHP Fatal error:  Cannot redeclare App\Classes\QueryBuilder::insert() in D:\xampp\htdocs\chasha\app\classes\QueryBuilder.php on line 206
[05-Dec-2018 17:17:11 Europe/Belgrade] PHP Fatal error:  Cannot redeclare App\Classes\QueryBuilder::update() in D:\xampp\htdocs\chasha\app\classes\QueryBuilder.php on line 207
[05-Dec-2018 17:30:05 Europe/Belgrade] PHP Warning:  implode(): Invalid arguments passed in D:\xampp\htdocs\chasha\app\classes\QueryBuilder.php on line 239
[05-Dec-2018 17:31:41 Europe/Belgrade] PHP Warning:  implode(): Invalid arguments passed in D:\xampp\htdocs\chasha\app\classes\QueryBuilder.php on line 239
[05-Dec-2018 17:32:20 Europe/Belgrade] PHP Notice:  Array to string conversion in D:\xampp\htdocs\chasha\app\classes\QueryBuilder.php on line 240
[05-Dec-2018 17:35:54 Europe/Belgrade] PHP Notice:  Array to string conversion in D:\xampp\htdocs\chasha\app\classes\QueryBuilder.php on line 240
[05-Dec-2018 17:36:10 Europe/Belgrade] PHP Notice:  Array to string conversion in D:\xampp\htdocs\chasha\app\classes\QueryBuilder.php on line 240
[05-Dec-2018 17:37:49 Europe/Belgrade] PHP Notice:  Array to string conversion in D:\xampp\htdocs\chasha\app\classes\QueryBuilder.php on line 241
[05-Dec-2018 17:39:32 Europe/Belgrade] PHP Notice:  Array to string conversion in D:\xampp\htdocs\chasha\app\classes\QueryBuilder.php on line 241
[05-Dec-2018 17:40:29 Europe/Belgrade] PHP Notice:  Array to string conversion in D:\xampp\htdocs\chasha\app\classes\QueryBuilder.php on line 240
[05-Dec-2018 17:41:02 Europe/Belgrade] PHP Notice:  Array to string conversion in D:\xampp\htdocs\chasha\app\classes\QueryBuilder.php on line 240
[05-Dec-2018 17:41:10 Europe/Belgrade] PHP Notice:  Array to string conversion in D:\xampp\htdocs\chasha\app\classes\QueryBuilder.php on line 240
[05-Dec-2018 17:44:59 Europe/Belgrade] PHP Fatal error:  Cannot redeclare App\Classes\QueryBuilder::$columns in D:\xampp\htdocs\chasha\app\classes\QueryBuilder.php on line 10
[05-Dec-2018 18:26:28 Europe/Belgrade] PHP Notice:  Undefined variable: sql in D:\xampp\htdocs\chasha\app\controllers\HomeController.php on line 88
[05-Dec-2018 18:26:33 Europe/Belgrade] PHP Notice:  Undefined variable: sql in D:\xampp\htdocs\chasha\app\controllers\HomeController.php on line 88
[05-Dec-2018 18:27:08 Europe/Belgrade] PHP Notice:  Undefined variable: sql in D:\xampp\htdocs\chasha\app\controllers\HomeController.php on line 89
[05-Dec-2018 18:27:10 Europe/Belgrade] PHP Notice:  Undefined variable: sql in D:\xampp\htdocs\chasha\app\controllers\HomeController.php on line 89
[05-Dec-2018 21:46:03 Europe/Belgrade] PHP Notice:  Undefined property: App\Classes\QueryBuilder::$from in D:\xampp\htdocs\chasha\app\classes\QueryBuilder.php on line 227
[05-Dec-2018 21:47:18 Europe/Belgrade] PHP Fatal error:  Variadic parameter cannot have a default value in D:\xampp\htdocs\chasha\app\classes\QueryBuilder.php on line 34
[05-Dec-2018 21:48:06 Europe/Belgrade] PHP Notice:  Undefined property: App\Classes\QueryBuilder::$from in D:\xampp\htdocs\chasha\app\classes\QueryBuilder.php on line 228
[05-Dec-2018 21:48:16 Europe/Belgrade] PHP Notice:  Undefined property: App\Classes\QueryBuilder::$from in D:\xampp\htdocs\chasha\app\classes\QueryBuilder.php on line 228
[05-Dec-2018 21:48:16 Europe/Belgrade] PHP Notice:  Undefined variable: str in D:\xampp\htdocs\chasha\app\controllers\HomeController.php on line 92
[05-Dec-2018 21:48:24 Europe/Belgrade] PHP Notice:  Undefined variable: str in D:\xampp\htdocs\chasha\app\controllers\HomeController.php on line 89
[05-Dec-2018 21:48:26 Europe/Belgrade] PHP Notice:  Undefined variable: str in D:\xampp\htdocs\chasha\app\controllers\HomeController.php on line 88
[05-Dec-2018 21:55:53 Europe/Belgrade] PHP Notice:  Undefined property: App\Classes\QueryBuilder::$from in D:\xampp\htdocs\chasha\app\classes\QueryBuilder.php on line 228
[05-Dec-2018 21:55:53 Europe/Belgrade] PHP Notice:  Undefined variable: SELECT * FROM ; in D:\xampp\htdocs\chasha\app\controllers\HomeController.php on line 88
[05-Dec-2018 22:15:31 Europe/Belgrade] PHP Notice:  Undefined property: App\Classes\QueryBuilder::$from in D:\xampp\htdocs\chasha\app\classes\QueryBuilder.php on line 231
[05-Dec-2018 22:15:42 Europe/Belgrade] PHP Notice:  Undefined property: App\Classes\QueryBuilder::$from in D:\xampp\htdocs\chasha\app\classes\QueryBuilder.php on line 231
[05-Dec-2018 22:16:27 Europe/Belgrade] PHP Notice:  Undefined property: App\Classes\QueryBuilder::$from in D:\xampp\htdocs\chasha\app\classes\QueryBuilder.php on line 231
[05-Dec-2018 22:24:19 Europe/Belgrade] PHP Notice:  Undefined variable: sql in D:\xampp\htdocs\chasha\app\controllers\HomeController.php on line 112
[05-Dec-2018 22:24:19 Europe/Belgrade] PHP Notice:  Undefined variable: sql in D:\xampp\htdocs\chasha\app\controllers\HomeController.php on line 113
[05-Dec-2018 22:24:23 Europe/Belgrade] PHP Notice:  Undefined variable: qb_ in D:\xampp\htdocs\chasha\app\controllers\HomeController.php on line 112
[05-Dec-2018 22:24:26 Europe/Belgrade] PHP Notice:  Undefined variable: sql in D:\xampp\htdocs\chasha\app\controllers\HomeController.php on line 112
[05-Dec-2018 22:24:26 Europe/Belgrade] PHP Notice:  Undefined variable: sql in D:\xampp\htdocs\chasha\app\controllers\HomeController.php on line 113
[06-Dec-2018 08:08:05 Europe/Belgrade] PHP Warning:  session_start(): open(C:\xampp\htdocs\chasha\\app\tmp\ses\sess_0m85cilgjbqeal1lhh0f6rf0r8, O_RDWR) failed: No such file or directory (2) in C:\xampp\htdocs\chasha\pub\index.php on line 5
[06-Dec-2018 08:08:05 Europe/Belgrade] PHP Warning:  session_start(): Failed to read session data: files (path: C:\xampp\htdocs\chasha\\app\tmp\ses) in C:\xampp\htdocs\chasha\pub\index.php on line 5
[06-Dec-2018 08:08:14 Europe/Belgrade] PHP Warning:  session_start(): open(C:\xampp\htdocs\chasha\\app\tmp\ses\sess_0m85cilgjbqeal1lhh0f6rf0r8, O_RDWR) failed: No such file or directory (2) in C:\xampp\htdocs\chasha\pub\index.php on line 5
[06-Dec-2018 08:08:14 Europe/Belgrade] PHP Warning:  session_start(): Failed to read session data: files (path: C:\xampp\htdocs\chasha\\app\tmp\ses) in C:\xampp\htdocs\chasha\pub\index.php on line 5
[06-Dec-2018 17:10:39 Europe/Belgrade] PHP Warning:  The magic method __callStatic() must have public visibility and be static in D:\xampp\htdocs\chasha\app\classes\CTT.php on line 8
[06-Dec-2018 17:10:39 Europe/Belgrade] PHP Fatal error:  Method App\Classes\CTT::__callStatic() must take exactly 2 arguments in D:\xampp\htdocs\chasha\app\classes\CTT.php on line 9
[06-Dec-2018 17:10:44 Europe/Belgrade] PHP Warning:  The magic method __callStatic() must have public visibility and be static in D:\xampp\htdocs\chasha\app\classes\CTT.php on line 8
[06-Dec-2018 17:10:44 Europe/Belgrade] PHP Fatal error:  Method App\Classes\CTT::__callStatic() must take exactly 2 arguments in D:\xampp\htdocs\chasha\app\classes\CTT.php on line 9
[06-Dec-2018 17:10:49 Europe/Belgrade] PHP Warning:  The magic method __callStatic() must have public visibility and be static in D:\xampp\htdocs\chasha\app\classes\CTT.php on line 8
[06-Dec-2018 17:10:49 Europe/Belgrade] PHP Fatal error:  Method App\Classes\CTT::__callStatic() must take exactly 2 arguments in D:\xampp\htdocs\chasha\app\classes\CTT.php on line 9
[06-Dec-2018 17:10:58 Europe/Belgrade] PHP Warning:  The magic method __callStatic() must have public visibility and be static in D:\xampp\htdocs\chasha\app\classes\CTT.php on line 8
[06-Dec-2018 17:10:58 Europe/Belgrade] PHP Fatal error:  Method App\Classes\CTT::__callStatic() must take exactly 2 arguments in D:\xampp\htdocs\chasha\app\classes\CTT.php on line 9
[06-Dec-2018 17:11:39 Europe/Belgrade] PHP Warning:  The magic method __callStatic() must have public visibility and be static in D:\xampp\htdocs\chasha\app\classes\CTT.php on line 8
[06-Dec-2018 17:11:39 Europe/Belgrade] PHP Fatal error:  Method App\Classes\CTT::__callStatic() must take exactly 2 arguments in D:\xampp\htdocs\chasha\app\classes\CTT.php on line 10
[06-Dec-2018 17:11:43 Europe/Belgrade] PHP Warning:  The magic method __callStatic() must have public visibility and be static in D:\xampp\htdocs\chasha\app\classes\CTT.php on line 8
[06-Dec-2018 17:11:43 Europe/Belgrade] PHP Fatal error:  Method App\Classes\CTT::__callStatic() must take exactly 2 arguments in D:\xampp\htdocs\chasha\app\classes\CTT.php on line 10
[06-Dec-2018 17:11:59 Europe/Belgrade] PHP Warning:  The magic method __callStatic() must have public visibility and be static in D:\xampp\htdocs\chasha\app\classes\CTT.php on line 8
[06-Dec-2018 17:11:59 Europe/Belgrade] PHP Fatal error:  Method App\Classes\CTT::__callStatic() must take exactly 2 arguments in D:\xampp\htdocs\chasha\app\classes\CTT.php on line 10
[06-Dec-2018 17:12:00 Europe/Belgrade] PHP Warning:  The magic method __callStatic() must have public visibility and be static in D:\xampp\htdocs\chasha\app\classes\CTT.php on line 8
[06-Dec-2018 17:12:00 Europe/Belgrade] PHP Fatal error:  Method App\Classes\CTT::__callStatic() must take exactly 2 arguments in D:\xampp\htdocs\chasha\app\classes\CTT.php on line 10
[06-Dec-2018 17:12:38 Europe/Belgrade] PHP Warning:  The magic method __callStatic() must have public visibility and be static in D:\xampp\htdocs\chasha\app\classes\CTT.php on line 8
[07-Dec-2018 12:22:50 Europe/Belgrade] PHP Warning:  implode(): Invalid arguments passed in C:\xampp\htdocs\chasha\app\classes\QueryBuilder.php on line 93
[07-Dec-2018 12:22:50 Europe/Belgrade] PHP Warning:  implode(): Invalid arguments passed in C:\xampp\htdocs\chasha\app\classes\QueryBuilder.php on line 94
[07-Dec-2018 12:22:52 Europe/Belgrade] PHP Warning:  implode(): Invalid arguments passed in C:\xampp\htdocs\chasha\app\classes\QueryBuilder.php on line 93
[07-Dec-2018 12:22:52 Europe/Belgrade] PHP Warning:  implode(): Invalid arguments passed in C:\xampp\htdocs\chasha\app\classes\QueryBuilder.php on line 94
[07-Dec-2018 12:23:01 Europe/Belgrade] PHP Warning:  implode(): Invalid arguments passed in C:\xampp\htdocs\chasha\app\classes\QueryBuilder.php on line 93
[07-Dec-2018 12:23:01 Europe/Belgrade] PHP Warning:  implode(): Invalid arguments passed in C:\xampp\htdocs\chasha\app\classes\QueryBuilder.php on line 94
[07-Dec-2018 12:23:02 Europe/Belgrade] PHP Warning:  implode(): Invalid arguments passed in C:\xampp\htdocs\chasha\app\classes\QueryBuilder.php on line 93
[07-Dec-2018 12:23:02 Europe/Belgrade] PHP Warning:  implode(): Invalid arguments passed in C:\xampp\htdocs\chasha\app\classes\QueryBuilder.php on line 94
[07-Dec-2018 12:24:07 Europe/Belgrade] PHP Warning:  implode(): Invalid arguments passed in C:\xampp\htdocs\chasha\app\classes\QueryBuilder.php on line 92
[07-Dec-2018 12:24:07 Europe/Belgrade] PHP Warning:  implode(): Invalid arguments passed in C:\xampp\htdocs\chasha\app\classes\QueryBuilder.php on line 93
[07-Dec-2018 12:24:37 Europe/Belgrade] PHP Warning:  implode(): Invalid arguments passed in C:\xampp\htdocs\chasha\app\classes\QueryBuilder.php on line 92
[07-Dec-2018 12:24:37 Europe/Belgrade] PHP Warning:  implode(): Invalid arguments passed in C:\xampp\htdocs\chasha\app\classes\QueryBuilder.php on line 93
[07-Dec-2018 12:24:39 Europe/Belgrade] PHP Warning:  implode(): Invalid arguments passed in C:\xampp\htdocs\chasha\app\classes\QueryBuilder.php on line 92
[07-Dec-2018 12:24:39 Europe/Belgrade] PHP Warning:  implode(): Invalid arguments passed in C:\xampp\htdocs\chasha\app\classes\QueryBuilder.php on line 93
[07-Dec-2018 12:24:39 Europe/Belgrade] PHP Notice:  Undefined variable: sql in C:\xampp\htdocs\chasha\app\controllers\HomeController.php on line 120
[07-Dec-2018 12:24:39 Europe/Belgrade] PHP Notice:  Undefined variable: sql in C:\xampp\htdocs\chasha\app\controllers\HomeController.php on line 123
[07-Dec-2018 12:24:42 Europe/Belgrade] PHP Warning:  implode(): Invalid arguments passed in C:\xampp\htdocs\chasha\app\classes\QueryBuilder.php on line 92
[07-Dec-2018 12:24:42 Europe/Belgrade] PHP Warning:  implode(): Invalid arguments passed in C:\xampp\htdocs\chasha\app\classes\QueryBuilder.php on line 93
[07-Dec-2018 12:24:46 Europe/Belgrade] PHP Warning:  implode(): Invalid arguments passed in C:\xampp\htdocs\chasha\app\classes\QueryBuilder.php on line 92
[07-Dec-2018 12:24:46 Europe/Belgrade] PHP Warning:  implode(): Invalid arguments passed in C:\xampp\htdocs\chasha\app\classes\QueryBuilder.php on line 93
[07-Dec-2018 12:24:46 Europe/Belgrade] PHP Notice:  Undefined variable: sql in C:\xampp\htdocs\chasha\app\controllers\HomeController.php on line 120
[07-Dec-2018 12:24:46 Europe/Belgrade] PHP Notice:  Undefined variable: sql in C:\xampp\htdocs\chasha\app\controllers\HomeController.php on line 123
[07-Dec-2018 12:27:57 Europe/Belgrade] PHP Fatal error:  Cannot redeclare App\Classes\QueryBuilder::sql() in C:\xampp\htdocs\chasha\app\classes\QueryBuilder.php on line 104
[07-Dec-2018 12:28:33 Europe/Belgrade] PHP Notice:  Undefined property: App\Classes\QueryBuilder::$insert_parameters in C:\xampp\htdocs\chasha\app\classes\QueryBuilder.php on line 93
[07-Dec-2018 12:28:33 Europe/Belgrade] PHP Warning:  implode(): Invalid arguments passed in C:\xampp\htdocs\chasha\app\classes\QueryBuilder.php on line 93
[07-Dec-2018 12:28:43 Europe/Belgrade] PHP Notice:  Undefined property: App\Classes\QueryBuilder::$insert_parameters in C:\xampp\htdocs\chasha\app\classes\QueryBuilder.php on line 93
[07-Dec-2018 12:28:43 Europe/Belgrade] PHP Warning:  implode(): Invalid arguments passed in C:\xampp\htdocs\chasha\app\classes\QueryBuilder.php on line 93
[07-Dec-2018 12:28:46 Europe/Belgrade] PHP Notice:  Undefined property: App\Classes\QueryBuilder::$insert_parameters in C:\xampp\htdocs\chasha\app\classes\QueryBuilder.php on line 93
[07-Dec-2018 12:28:46 Europe/Belgrade] PHP Warning:  implode(): Invalid arguments passed in C:\xampp\htdocs\chasha\app\classes\QueryBuilder.php on line 93
[07-Dec-2018 12:31:14 Europe/Belgrade] PHP Fatal error:  Multiple access type modifiers are not allowed in C:\xampp\htdocs\chasha\app\classes\QueryBuilder.php on line 28
[07-Dec-2018 12:31:15 Europe/Belgrade] PHP Fatal error:  Multiple access type modifiers are not allowed in C:\xampp\htdocs\chasha\app\classes\QueryBuilder.php on line 28
[07-Dec-2018 12:43:11 Europe/Belgrade] PHP Fatal error:  Cannot redefine class constant App\Classes\QueryBuilder::SELECT in C:\xampp\htdocs\chasha\app\classes\QueryBuilder.php on line 24
[07-Dec-2018 12:43:15 Europe/Belgrade] PHP Fatal error:  Cannot redefine class constant App\Classes\QueryBuilder::SELECT in C:\xampp\htdocs\chasha\app\classes\QueryBuilder.php on line 25
[07-Dec-2018 12:43:21 Europe/Belgrade] PHP Fatal error:  Cannot redefine class constant App\Classes\QueryBuilder::SELECT in C:\xampp\htdocs\chasha\app\classes\QueryBuilder.php on line 25
[07-Dec-2018 12:43:24 Europe/Belgrade] PHP Fatal error:  Cannot redefine class constant App\Classes\QueryBuilder::SELECT in C:\xampp\htdocs\chasha\app\classes\QueryBuilder.php on line 25
[07-Dec-2018 12:43:31 Europe/Belgrade] PHP Fatal error:  Cannot redefine class constant App\Classes\QueryBuilder::SELECT in C:\xampp\htdocs\chasha\app\classes\QueryBuilder.php on line 26
[07-Dec-2018 12:44:59 Europe/Belgrade] PHP Notice:  Undefined variable: cols in C:\xampp\htdocs\chasha\app\classes\QueryBuilder.php on line 88
[07-Dec-2018 12:44:59 Europe/Belgrade] PHP Notice:  Undefined variable: cols in C:\xampp\htdocs\chasha\app\classes\QueryBuilder.php on line 90
[07-Dec-2018 12:44:59 Europe/Belgrade] PHP Warning:  Invalid argument supplied for foreach() in C:\xampp\htdocs\chasha\app\classes\QueryBuilder.php on line 90
[07-Dec-2018 12:44:59 Europe/Belgrade] PHP Notice:  Undefined variable: cols in C:\xampp\htdocs\chasha\app\classes\QueryBuilder.php on line 93
[07-Dec-2018 12:44:59 Europe/Belgrade] PHP Warning:  implode(): Invalid arguments passed in C:\xampp\htdocs\chasha\app\classes\QueryBuilder.php on line 107
[07-Dec-2018 12:45:06 Europe/Belgrade] PHP Notice:  Undefined variable: cols in C:\xampp\htdocs\chasha\app\classes\QueryBuilder.php on line 88
[07-Dec-2018 12:45:06 Europe/Belgrade] PHP Notice:  Undefined variable: cols in C:\xampp\htdocs\chasha\app\classes\QueryBuilder.php on line 90
[07-Dec-2018 12:45:06 Europe/Belgrade] PHP Warning:  Invalid argument supplied for foreach() in C:\xampp\htdocs\chasha\app\classes\QueryBuilder.php on line 90
[07-Dec-2018 12:45:06 Europe/Belgrade] PHP Notice:  Undefined variable: cols in C:\xampp\htdocs\chasha\app\classes\QueryBuilder.php on line 93
[07-Dec-2018 12:45:06 Europe/Belgrade] PHP Warning:  implode(): Invalid arguments passed in C:\xampp\htdocs\chasha\app\classes\QueryBuilder.php on line 107
[07-Dec-2018 12:45:11 Europe/Belgrade] PHP Notice:  Undefined variable: cols in C:\xampp\htdocs\chasha\app\classes\QueryBuilder.php on line 88
[07-Dec-2018 12:45:11 Europe/Belgrade] PHP Notice:  Undefined variable: cols in C:\xampp\htdocs\chasha\app\classes\QueryBuilder.php on line 90
[07-Dec-2018 12:45:11 Europe/Belgrade] PHP Warning:  Invalid argument supplied for foreach() in C:\xampp\htdocs\chasha\app\classes\QueryBuilder.php on line 90
[07-Dec-2018 12:45:11 Europe/Belgrade] PHP Notice:  Undefined variable: cols in C:\xampp\htdocs\chasha\app\classes\QueryBuilder.php on line 93
[07-Dec-2018 12:45:11 Europe/Belgrade] PHP Warning:  implode(): Invalid arguments passed in C:\xampp\htdocs\chasha\app\classes\QueryBuilder.php on line 107
[07-Dec-2018 12:45:13 Europe/Belgrade] PHP Notice:  Object of class App\Classes\QueryBuilder could not be converted to int in C:\xampp\htdocs\chasha\app\classes\QueryBuilder.php on line 88
[07-Dec-2018 13:03:34 Europe/Belgrade] PHP Notice:  Undefined variable: th in C:\xampp\htdocs\chasha\app\classes\QueryBuilder.php on line 80
[07-Dec-2018 13:28:39 Europe/Belgrade] PHP Fatal error:  Cannot redeclare App\Classes\QueryBuilder::compileInsert() in C:\xampp\htdocs\chasha\app\classes\QueryBuilder.php on line 152
[07-Dec-2018 14:22:36 Europe/Belgrade] PHP Fatal error:  Cannot redeclare App\Classes\QueryBuilder::compileUpdate() in C:\xampp\htdocs\chasha\app\classes\QueryBuilder.php on line 240
[07-Dec-2018 14:22:37 Europe/Belgrade] PHP Fatal error:  Cannot redeclare App\Classes\QueryBuilder::compileUpdate() in C:\xampp\htdocs\chasha\app\classes\QueryBuilder.php on line 240
[07-Dec-2018 14:22:40 Europe/Belgrade] PHP Fatal error:  Cannot redeclare App\Classes\QueryBuilder::compileUpdate() in C:\xampp\htdocs\chasha\app\classes\QueryBuilder.php on line 240
[07-Dec-2018 20:35:11 Europe/Belgrade] PHP Fatal error:  Multiple access type modifiers are not allowed in D:\xampp\htdocs\chasha\app\classes\QueryBuilder.php on line 49
[07-Dec-2018 21:33:49 Europe/Belgrade] PHP Fatal error:  Cannot redeclare App\Classes\QueryBuilder::$wheres in D:\xampp\htdocs\chasha\app\classes\QueryBuilder.php on line 62
[07-Dec-2018 21:33:53 Europe/Belgrade] PHP Fatal error:  Cannot redeclare App\Classes\QueryBuilder::$orders in D:\xampp\htdocs\chasha\app\classes\QueryBuilder.php on line 84
[07-Dec-2018 21:34:01 Europe/Belgrade] PHP Fatal error:  Cannot redeclare App\Classes\QueryBuilder::$orders in D:\xampp\htdocs\chasha\app\classes\QueryBuilder.php on line 84
[07-Dec-2018 21:34:13 Europe/Belgrade] PHP Fatal error:  Cannot redeclare App\Classes\QueryBuilder::$orders in D:\xampp\htdocs\chasha\app\classes\QueryBuilder.php on line 85
[07-Dec-2018 21:34:25 Europe/Belgrade] PHP Fatal error:  Cannot redeclare App\Classes\QueryBuilder::$orders in D:\xampp\htdocs\chasha\app\classes\QueryBuilder.php on line 87
[07-Dec-2018 21:34:32 Europe/Belgrade] PHP Fatal error:  Cannot redeclare App\Classes\QueryBuilder::$orders in D:\xampp\htdocs\chasha\app\classes\QueryBuilder.php on line 87
[07-Dec-2018 21:34:33 Europe/Belgrade] PHP Fatal error:  Cannot redeclare App\Classes\QueryBuilder::$orders in D:\xampp\htdocs\chasha\app\classes\QueryBuilder.php on line 88
[07-Dec-2018 21:34:35 Europe/Belgrade] PHP Fatal error:  Cannot redeclare App\Classes\QueryBuilder::$orders in D:\xampp\htdocs\chasha\app\classes\QueryBuilder.php on line 88
[07-Dec-2018 21:34:39 Europe/Belgrade] PHP Fatal error:  Cannot redeclare App\Classes\QueryBuilder::$orders in D:\xampp\htdocs\chasha\app\classes\QueryBuilder.php on line 88
[07-Dec-2018 21:34:42 Europe/Belgrade] PHP Fatal error:  Cannot redeclare App\Classes\QueryBuilder::$orders in D:\xampp\htdocs\chasha\app\classes\QueryBuilder.php on line 89
[07-Dec-2018 21:34:49 Europe/Belgrade] PHP Fatal error:  Cannot redeclare App\Classes\QueryBuilder::$orders in D:\xampp\htdocs\chasha\app\classes\QueryBuilder.php on line 89
[07-Dec-2018 21:34:53 Europe/Belgrade] PHP Fatal error:  Cannot redeclare App\Classes\QueryBuilder::$orders in D:\xampp\htdocs\chasha\app\classes\QueryBuilder.php on line 89
[07-Dec-2018 21:35:23 Europe/Belgrade] PHP Fatal error:  Cannot redeclare App\Classes\QueryBuilder::$orders in D:\xampp\htdocs\chasha\app\classes\QueryBuilder.php on line 89
[07-Dec-2018 21:35:26 Europe/Belgrade] PHP Fatal error:  Cannot redeclare App\Classes\QueryBuilder::$orders in D:\xampp\htdocs\chasha\app\classes\QueryBuilder.php on line 89
[07-Dec-2018 21:35:27 Europe/Belgrade] PHP Fatal error:  Cannot redeclare App\Classes\QueryBuilder::$orders in D:\xampp\htdocs\chasha\app\classes\QueryBuilder.php on line 89
[07-Dec-2018 21:35:29 Europe/Belgrade] PHP Fatal error:  Cannot redeclare App\Classes\QueryBuilder::$orders in D:\xampp\htdocs\chasha\app\classes\QueryBuilder.php on line 89
[07-Dec-2018 21:35:40 Europe/Belgrade] PHP Fatal error:  Cannot redeclare App\Classes\QueryBuilder::$orders in D:\xampp\htdocs\chasha\app\classes\QueryBuilder.php on line 89
[07-Dec-2018 21:36:00 Europe/Belgrade] PHP Fatal error:  Cannot redeclare App\Classes\QueryBuilder::$orders in D:\xampp\htdocs\chasha\app\classes\QueryBuilder.php on line 89
[07-Dec-2018 21:36:08 Europe/Belgrade] PHP Fatal error:  Cannot redeclare App\Classes\QueryBuilder::$orders in D:\xampp\htdocs\chasha\app\classes\QueryBuilder.php on line 89
[07-Dec-2018 21:36:16 Europe/Belgrade] PHP Fatal error:  Cannot redeclare App\Classes\QueryBuilder::$orders in D:\xampp\htdocs\chasha\app\classes\QueryBuilder.php on line 92
[07-Dec-2018 21:36:52 Europe/Belgrade] PHP Fatal error:  Cannot redeclare App\Classes\QueryBuilder::$orders in D:\xampp\htdocs\chasha\app\classes\QueryBuilder.php on line 92
[07-Dec-2018 21:36:54 Europe/Belgrade] PHP Fatal error:  Cannot redeclare App\Classes\QueryBuilder::$orders in D:\xampp\htdocs\chasha\app\classes\QueryBuilder.php on line 92
[07-Dec-2018 21:37:00 Europe/Belgrade] PHP Fatal error:  Cannot redeclare App\Classes\QueryBuilder::$orders in D:\xampp\htdocs\chasha\app\classes\QueryBuilder.php on line 92
[07-Dec-2018 21:37:01 Europe/Belgrade] PHP Fatal error:  Cannot redeclare App\Classes\QueryBuilder::$orders in D:\xampp\htdocs\chasha\app\classes\QueryBuilder.php on line 92
[07-Dec-2018 21:37:04 Europe/Belgrade] PHP Fatal error:  Cannot redeclare App\Classes\QueryBuilder::$orders in D:\xampp\htdocs\chasha\app\classes\QueryBuilder.php on line 94
[07-Dec-2018 21:37:08 Europe/Belgrade] PHP Fatal error:  Cannot redeclare App\Classes\QueryBuilder::$orders in D:\xampp\htdocs\chasha\app\classes\QueryBuilder.php on line 96
[07-Dec-2018 21:37:15 Europe/Belgrade] PHP Fatal error:  Cannot redeclare App\Classes\QueryBuilder::$orders in D:\xampp\htdocs\chasha\app\classes\QueryBuilder.php on line 96
[07-Dec-2018 21:37:27 Europe/Belgrade] PHP Fatal error:  Cannot redeclare App\Classes\QueryBuilder::$orders in D:\xampp\htdocs\chasha\app\classes\QueryBuilder.php on line 96
[07-Dec-2018 21:37:28 Europe/Belgrade] PHP Fatal error:  Cannot redeclare App\Classes\QueryBuilder::$orders in D:\xampp\htdocs\chasha\app\classes\QueryBuilder.php on line 96
[07-Dec-2018 21:37:32 Europe/Belgrade] PHP Fatal error:  Cannot redeclare App\Classes\QueryBuilder::$orders in D:\xampp\htdocs\chasha\app\classes\QueryBuilder.php on line 96
[07-Dec-2018 21:37:35 Europe/Belgrade] PHP Fatal error:  Cannot redeclare App\Classes\QueryBuilder::$orders in D:\xampp\htdocs\chasha\app\classes\QueryBuilder.php on line 97
[07-Dec-2018 22:29:53 Europe/Belgrade] PHP Notice:  Undefined variable: th in D:\xampp\htdocs\chasha\app\classes\QueryBuilder.php on line 238
[07-Dec-2018 22:45:01 Europe/Belgrade] PHP Warning:  trim() expects parameter 1 to be string, array given in D:\xampp\htdocs\chasha\app\classes\QueryBuilder.php on line 389
[07-Dec-2018 22:45:48 Europe/Belgrade] PHP Warning:  trim() expects parameter 1 to be string, array given in D:\xampp\htdocs\chasha\app\classes\QueryBuilder.php on line 389
[07-Dec-2018 23:03:22 Europe/Belgrade] PHP Fatal error:  Cannot redeclare App\Classes\QueryBuilder::getParams() in D:\xampp\htdocs\chasha\app\classes\QueryBuilder.php on line 689
[07-Dec-2018 23:03:33 Europe/Belgrade] PHP Fatal error:  Cannot redeclare App\Classes\QueryBuilder::getParams() in D:\xampp\htdocs\chasha\app\classes\QueryBuilder.php on line 689
[07-Dec-2018 23:03:37 Europe/Belgrade] PHP Fatal error:  Cannot redeclare App\Classes\QueryBuilder::getParams() in D:\xampp\htdocs\chasha\app\classes\QueryBuilder.php on line 698
[07-Dec-2018 23:03:41 Europe/Belgrade] PHP Fatal error:  Cannot redeclare App\Classes\QueryBuilder::getParams() in D:\xampp\htdocs\chasha\app\classes\QueryBuilder.php on line 698
[07-Dec-2018 23:03:53 Europe/Belgrade] PHP Fatal error:  Cannot redeclare App\Classes\QueryBuilder::getParams() in D:\xampp\htdocs\chasha\app\classes\QueryBuilder.php on line 698
[07-Dec-2018 23:03:58 Europe/Belgrade] PHP Fatal error:  Cannot redeclare App\Classes\QueryBuilder::getParams() in D:\xampp\htdocs\chasha\app\classes\QueryBuilder.php on line 698
[07-Dec-2018 23:04:03 Europe/Belgrade] PHP Fatal error:  Cannot redeclare App\Classes\QueryBuilder::getParams() in D:\xampp\htdocs\chasha\app\classes\QueryBuilder.php on line 698
